Determining if the pthread_create exist failed with the following output:
Change Dir: /home/pardon/graspit/build/CMakeFiles/CMakeTmp

Run Build Command:"/usr/bin/make" "cmTC_b40ae/fast"
/usr/bin/make -f CMakeFiles/cmTC_b40ae.dir/build.make CMakeFiles/cmTC_b40ae.dir/build
make[1]: Entering directory '/home/pardon/graspit/build/CMakeFiles/CMakeTmp'
Building C object CMakeFiles/cmTC_b40ae.dir/CheckSymbolExists.c.o
/usr/bin/cc     -o CMakeFiles/cmTC_b40ae.dir/CheckSymbolExists.c.o   -c /home/pardon/graspit/build/CMakeFiles/CMakeTmp/CheckSymbolExists.c
Linking C executable cmTC_b40ae
/usr/bin/cmake -E cmake_link_script CMakeFiles/cmTC_b40ae.dir/link.txt --verbose=1
/usr/bin/cc       CMakeFiles/cmTC_b40ae.dir/CheckSymbolExists.c.o  -o cmTC_b40ae -rdynamic 
CMakeFiles/cmTC_b40ae.dir/CheckSymbolExists.c.o: In function `main':
CheckSymbolExists.c:(.text+0x16): undefined reference to `pthread_create'
collect2: error: ld returned 1 exit status
CMakeFiles/cmTC_b40ae.dir/build.make:97: recipe for target 'cmTC_b40ae' failed
make[1]: *** [cmTC_b40ae] Error 1
make[1]: Leaving directory '/home/pardon/graspit/build/CMakeFiles/CMakeTmp'
Makefile:126: recipe for target 'cmTC_b40ae/fast' failed
make: *** [cmTC_b40ae/fast] Error 2

File /home/pardon/graspit/build/CMakeFiles/CMakeTmp/CheckSymbolExists.c:
/* */
#include <pthread.h>

int main(int argc, char** argv)
{
  (void)argv;
#ifndef pthread_create
  return ((int*)(&pthread_create))[argc];
#else
  (void)argc;
  return 0;
#endif
}

Determining if the function pthread_create exists in the pthreads failed with the following output:
Change Dir: /home/pardon/graspit/build/CMakeFiles/CMakeTmp

Run Build Command:"/usr/bin/make" "cmTC_c27f4/fast"
/usr/bin/make -f CMakeFiles/cmTC_c27f4.dir/build.make CMakeFiles/cmTC_c27f4.dir/build
make[1]: Entering directory '/home/pardon/graspit/build/CMakeFiles/CMakeTmp'
Building C object CMakeFiles/cmTC_c27f4.dir/CheckFunctionExists.c.o
/usr/bin/cc    -DCHECK_FUNCTION_EXISTS=pthread_create   -o CMakeFiles/cmTC_c27f4.dir/CheckFunctionExists.c.o   -c /usr/share/cmake-3.5/Modules/CheckFunctionExists.c
Linking C executable cmTC_c27f4
/usr/bin/cmake -E cmake_link_script CMakeFiles/cmTC_c27f4.dir/link.txt --verbose=1
/usr/bin/cc   -DCHECK_FUNCTION_EXISTS=pthread_create    CMakeFiles/cmTC_c27f4.dir/CheckFunctionExists.c.o  -o cmTC_c27f4 -rdynamic -lpthreads 
/usr/bin/ld: cannot find -lpthreads
collect2: error: ld returned 1 exit status
CMakeFiles/cmTC_c27f4.dir/build.make:97: recipe for target 'cmTC_c27f4' failed
make[1]: *** [cmTC_c27f4] Error 1
make[1]: Leaving directory '/home/pardon/graspit/build/CMakeFiles/CMakeTmp'
Makefile:126: recipe for target 'cmTC_c27f4/fast' failed
make: *** [cmTC_c27f4/fast] Error 2


Determining if the Q_WS_WIN exist failed with the following output:
Change Dir: /home/pardon/graspit/build/CMakeFiles/CMakeTmp

Run Build Command:"/usr/bin/make" "cmTC_7c64c/fast"
/usr/bin/make -f CMakeFiles/cmTC_7c64c.dir/build.make CMakeFiles/cmTC_7c64c.dir/build
make[1]: Entering directory '/home/pardon/graspit/build/CMakeFiles/CMakeTmp'
Building CXX object CMakeFiles/cmTC_7c64c.dir/CheckSymbolExists.cxx.o
/usr/bin/c++    -I/usr/include/qt4   -o CMakeFiles/cmTC_7c64c.dir/CheckSymbolExists.cxx.o -c /home/pardon/graspit/build/CMakeFiles/CMakeTmp/CheckSymbolExists.cxx
/home/pardon/graspit/build/CMakeFiles/CMakeTmp/CheckSymbolExists.cxx: In function ‘int main(int, char**)’:
/home/pardon/graspit/build/CMakeFiles/CMakeTmp/CheckSymbolExists.cxx:8:19: error: ‘Q_WS_WIN’ was not declared in this scope
   return ((int*)(&Q_WS_WIN))[argc];
                   ^
CMakeFiles/cmTC_7c64c.dir/build.make:65: recipe for target 'CMakeFiles/cmTC_7c64c.dir/CheckSymbolExists.cxx.o' failed
make[1]: *** [CMakeFiles/cmTC_7c64c.dir/CheckSymbolExists.cxx.o] Error 1
make[1]: Leaving directory '/home/pardon/graspit/build/CMakeFiles/CMakeTmp'
Makefile:126: recipe for target 'cmTC_7c64c/fast' failed
make: *** [cmTC_7c64c/fast] Error 2

File /home/pardon/graspit/build/CMakeFiles/CMakeTmp/CheckSymbolExists.cxx:
/* */
#include <QtCore/qglobal.h>

int main(int argc, char** argv)
{
  (void)argv;
#ifndef Q_WS_WIN
  return ((int*)(&Q_WS_WIN))[argc];
#else
  (void)argc;
  return 0;
#endif
}

Determining if the Q_WS_QWS exist failed with the following output:
Change Dir: /home/pardon/graspit/build/CMakeFiles/CMakeTmp

Run Build Command:"/usr/bin/make" "cmTC_5104c/fast"
/usr/bin/make -f CMakeFiles/cmTC_5104c.dir/build.make CMakeFiles/cmTC_5104c.dir/build
make[1]: Entering directory '/home/pardon/graspit/build/CMakeFiles/CMakeTmp'
Building CXX object CMakeFiles/cmTC_5104c.dir/CheckSymbolExists.cxx.o
/usr/bin/c++    -I/usr/include/qt4   -o CMakeFiles/cmTC_5104c.dir/CheckSymbolExists.cxx.o -c /home/pardon/graspit/build/CMakeFiles/CMakeTmp/CheckSymbolExists.cxx
/home/pardon/graspit/build/CMakeFiles/CMakeTmp/CheckSymbolExists.cxx: In function ‘int main(int, char**)’:
/home/pardon/graspit/build/CMakeFiles/CMakeTmp/CheckSymbolExists.cxx:8:19: error: ‘Q_WS_QWS’ was not declared in this scope
   return ((int*)(&Q_WS_QWS))[argc];
                   ^
CMakeFiles/cmTC_5104c.dir/build.make:65: recipe for target 'CMakeFiles/cmTC_5104c.dir/CheckSymbolExists.cxx.o' failed
make[1]: *** [CMakeFiles/cmTC_5104c.dir/CheckSymbolExists.cxx.o] Error 1
make[1]: Leaving directory '/home/pardon/graspit/build/CMakeFiles/CMakeTmp'
Makefile:126: recipe for target 'cmTC_5104c/fast' failed
make: *** [cmTC_5104c/fast] Error 2

File /home/pardon/graspit/build/CMakeFiles/CMakeTmp/CheckSymbolExists.cxx:
/* */
#include <QtCore/qglobal.h>

int main(int argc, char** argv)
{
  (void)argv;
#ifndef Q_WS_QWS
  return ((int*)(&Q_WS_QWS))[argc];
#else
  (void)argc;
  return 0;
#endif
}

Determining if the Q_WS_MAC exist failed with the following output:
Change Dir: /home/pardon/graspit/build/CMakeFiles/CMakeTmp

Run Build Command:"/usr/bin/make" "cmTC_12fdc/fast"
/usr/bin/make -f CMakeFiles/cmTC_12fdc.dir/build.make CMakeFiles/cmTC_12fdc.dir/build
make[1]: Entering directory '/home/pardon/graspit/build/CMakeFiles/CMakeTmp'
Building CXX object CMakeFiles/cmTC_12fdc.dir/CheckSymbolExists.cxx.o
/usr/bin/c++    -I/usr/include/qt4   -o CMakeFiles/cmTC_12fdc.dir/CheckSymbolExists.cxx.o -c /home/pardon/graspit/build/CMakeFiles/CMakeTmp/CheckSymbolExists.cxx
/home/pardon/graspit/build/CMakeFiles/CMakeTmp/CheckSymbolExists.cxx: In function ‘int main(int, char**)’:
/home/pardon/graspit/build/CMakeFiles/CMakeTmp/CheckSymbolExists.cxx:8:19: error: ‘Q_WS_MAC’ was not declared in this scope
   return ((int*)(&Q_WS_MAC))[argc];
                   ^
CMakeFiles/cmTC_12fdc.dir/build.make:65: recipe for target 'CMakeFiles/cmTC_12fdc.dir/CheckSymbolExists.cxx.o' failed
make[1]: *** [CMakeFiles/cmTC_12fdc.dir/CheckSymbolExists.cxx.o] Error 1
make[1]: Leaving directory '/home/pardon/graspit/build/CMakeFiles/CMakeTmp'
Makefile:126: recipe for target 'cmTC_12fdc/fast' failed
make: *** [cmTC_12fdc/fast] Error 2

File /home/pardon/graspit/build/CMakeFiles/CMakeTmp/CheckSymbolExists.cxx:
/* */
#include <QtCore/qglobal.h>

int main(int argc, char** argv)
{
  (void)argv;
#ifndef Q_WS_MAC
  return ((int*)(&Q_WS_MAC))[argc];
#else
  (void)argc;
  return 0;
#endif
}

